<?xml version="1.0" encoding="UTF-8"?>
<coverage generated="1622694504793" clover="3.2.0">
  <project timestamp="1622694504793" name="All files">
    <metrics statements="8" coveredstatements="8" conditionals="0" coveredconditionals="0" methods="7" coveredmethods="7" elements="15" coveredelements="15" complexity="0" loc="8" ncloc="8" packages="2" files="2" classes="2"/>
    <package name="client">
      <metrics statements="3" coveredstatements="3" conditionals="0" coveredconditionals="0" methods="2" coveredmethods="2"/>
      <file name="app.jsx" path="/Users/Sharpless/Git/HackReactor/cohort/FEC/client/app.jsx">
        <metrics statements="3" coveredstatements="3" conditionals="0" coveredconditionals="0" methods="2" coveredmethods="2"/>
        <line num="8" count="1" type="stmt"/>
        <line num="9" count="1" type="stmt"/>
        <line num="34" count="1" type="stmt"/>
      </file>
    </package>
    <package name="client.relatedProducts">
      <metrics statements="5" coveredstatements="5" conditionals="0" coveredconditionals="0" methods="5" coveredmethods="5"/>
      <file name="RelatedPdt.jsx" path="/Users/Sharpless/Git/HackReactor/cohort/FEC/client/relatedProducts/RelatedPdt.jsx">
        <metrics statements="5" coveredstatements="5" conditionals="0" coveredconditionals="0" methods="5" coveredmethods="5"/>
        <line num="5" count="3" type="stmt"/>
        <line num="10" count="1" type="stmt"/>
        <line num="14" count="1" type="stmt"/>
        <line num="22" count="3" type="stmt"/>
        <line num="27" count="3" type="stmt"/>
      </file>
    </package>
  </project>
</coverage>
